  back.cpp
C:\Users\Mariia\Desktop\MH_ProjectSem2\ProjectSem2\back.cpp(40,17): warning C4566: character represented by universal-character-name '\u041F' cannot be represented in the current code page (1252)
C:\Users\Mariia\Desktop\MH_ProjectSem2\ProjectSem2\back.cpp(40,17): warning C4566: character represented by universal-character-name '\u043E' cannot be represented in the current code page (1252)
C:\Users\Mariia\Desktop\MH_ProjectSem2\ProjectSem2\back.cpp(40,17): warning C4566: character represented by universal-character-name '\u043C' cannot be represented in the current code page (1252)
C:\Users\Mariia\Desktop\MH_ProjectSem2\ProjectSem2\back.cpp(40,17): warning C4566: character represented by universal-character-name '\u0438' cannot be represented in the current code page (1252)
C:\Users\Mariia\Desktop\MH_ProjectSem2\ProjectSem2\back.cpp(40,17): warning C4566: character represented by universal-character-name '\u043B' cannot be represented in the current code page (1252)
C:\Users\Mariia\Desktop\MH_ProjectSem2\ProjectSem2\back.cpp(40,17): warning C4566: character represented by universal-character-name '\u043A' cannot be represented in the current code page (1252)
C:\Users\Mariia\Desktop\MH_ProjectSem2\ProjectSem2\back.cpp(40,17): warning C4566: character represented by universal-character-name '\u0430' cannot be represented in the current code page (1252)
C:\Users\Mariia\Desktop\MH_ProjectSem2\ProjectSem2\back.cpp(40,17): warning C4566: character represented by universal-character-name '\u0432' cannot be represented in the current code page (1252)
C:\Users\Mariia\Desktop\MH_ProjectSem2\ProjectSem2\back.cpp(40,17): warning C4566: character represented by universal-character-name '\u0456' cannot be represented in the current code page (1252)
C:\Users\Mariia\Desktop\MH_ProjectSem2\ProjectSem2\back.cpp(40,17): warning C4566: character represented by universal-character-name '\u0434' cannot be represented in the current code page (1252)
C:\Users\Mariia\Desktop\MH_ProjectSem2\ProjectSem2\back.cpp(40,17): warning C4566: character represented by universal-character-name '\u0440' cannot be represented in the current code page (1252)
C:\Users\Mariia\Desktop\MH_ProjectSem2\ProjectSem2\back.cpp(40,17): warning C4566: character represented by universal-character-name '\u0442' cannot be represented in the current code page (1252)
C:\Users\Mariia\Desktop\MH_ProjectSem2\ProjectSem2\back.cpp(40,17): warning C4566: character represented by universal-character-name '\u044F' cannot be represented in the current code page (1252)
C:\Users\Mariia\Desktop\MH_ProjectSem2\ProjectSem2\back.cpp(40,17): warning C4566: character represented by universal-character-name '\u0444' cannot be represented in the current code page (1252)
C:\Users\Mariia\Desktop\MH_ProjectSem2\ProjectSem2\back.cpp(40,17): warning C4566: character represented by universal-character-name '\u0439' cannot be represented in the current code page (1252)
C:\Users\Mariia\Desktop\MH_ProjectSem2\ProjectSem2\back.cpp(40,17): warning C4566: character represented by universal-character-name '\u0443' cannot be represented in the current code page (1252)
C:\Users\Mariia\Desktop\MH_ProjectSem2\ProjectSem2\back.cpp(40,17): warning C4566: character represented by universal-character-name '\u0441' cannot be represented in the current code page (1252)
C:\Users\Mariia\Desktop\MH_ProjectSem2\ProjectSem2\back.cpp(40,17): warning C4566: character represented by universal-character-name '\u0447' cannot be represented in the current code page (1252)
  logger.cpp
  ProjectSem2.cpp
C:\Users\Mariia\Desktop\MH_ProjectSem2\ProjectSem2\ProjectSem2.cpp(8,10): fatal  error C1083: Cannot open include file: 'сredentials.h': No such file or directory
  сredentials.cpp
c1xx : fatal  error C1083: Cannot open source file: 'сredentials.cpp': No such file or directory
  Generating Code...
C:\Users\Mariia\Desktop\MH_ProjectSem2\ProjectSem2\back.cpp(101): warning C4715: 'Bilet::getTicketPrice': not all control paths return a value
